<?xml version="1.0" encoding="UTF-8"?>
<coverage generated="1614870673381" clover="3.2.0">
  <project timestamp="1614870673381" name="All files">
    <metrics statements="31" coveredstatements="30" conditionals="9" coveredconditionals="8" methods="8" coveredmethods="7" elements="48" coveredelements="45" complexity="0" loc="31" ncloc="31" packages="1" files="4" classes="4"/>
    <file name="actionTypes.ts" path="/Users/rocali/Documents/img-app/src/store/images/actionTypes.ts">
      <metrics statements="5" coveredstatements="5" conditionals="0" coveredconditionals="0" methods="0" coveredmethods="0"/>
      <line num="1" count="2" type="stmt"/>
      <line num="2" count="2" type="stmt"/>
      <line num="3" count="2" type="stmt"/>
      <line num="4" count="2" type="stmt"/>
      <line num="6" count="2" type="stmt"/>
    </file>
    <file name="actions.ts" path="/Users/rocali/Documents/img-app/src/store/images/actions.ts">
      <metrics statements="5" coveredstatements="5" conditionals="0" coveredconditionals="0" methods="5" coveredmethods="5"/>
      <line num="18" count="3" type="stmt"/>
      <line num="24" count="12" type="stmt"/>
      <line num="31" count="2" type="stmt"/>
      <line num="38" count="4" type="stmt"/>
      <line num="45" count="3" type="stmt"/>
    </file>
    <file name="reducer.ts" path="/Users/rocali/Documents/img-app/src/store/images/reducer.ts">
      <metrics statements="11" coveredstatements="11" conditionals="6" coveredconditionals="6" methods="1" coveredmethods="1"/>
      <line num="12" count="2" type="stmt"/>
      <line num="25" count="15" type="cond" truecount="5" falsecount="0"/>
      <line num="27" count="6" type="stmt"/>
      <line num="28" count="6" type="stmt"/>
      <line num="33" count="2" type="stmt"/>
      <line num="34" count="2" type="stmt"/>
      <line num="39" count="1" type="stmt"/>
      <line num="40" count="1" type="stmt"/>
      <line num="45" count="3" type="stmt"/>
      <line num="46" count="3" type="stmt"/>
      <line num="52" count="3" type="stmt"/>
    </file>
    <file name="saga.ts" path="/Users/rocali/Documents/img-app/src/store/images/saga.ts">
      <metrics statements="10" coveredstatements="9" conditionals="3" coveredconditionals="2" methods="2" coveredmethods="1"/>
      <line num="8" count="3" type="stmt"/>
      <line num="10" count="3" type="stmt"/>
      <line num="12" count="3" type="stmt"/>
      <line num="14" count="2" type="stmt"/>
      <line num="16" count="2" type="cond" truecount="2" falsecount="0"/>
      <line num="17" count="1" type="stmt"/>
      <line num="19" count="1" type="stmt"/>
      <line num="23" count="1" type="stmt"/>
      <line num="24" count="1" type="stmt"/>
      <line num="29" count="0" type="stmt"/>
    </file>
  </project>
</coverage>
