{"/Users/rocali/Documents/img-app/src/store/images/actionTypes.ts": {"path":"/Users/rocali/Documents/img-app/src/store/images/actionTypes.ts","statementMap":{"0":{"start":{"line":1,"column":28},"end":{"line":1,"column":42}},"1":{"start":{"line":2,"column":40},"end":{"line":2,"column":66}},"2":{"start":{"line":3,"column":40},"end":{"line":3,"column":66}},"3":{"start":{"line":4,"column":38},"end":{"line":4,"column":62}},"4":{"start":{"line":6,"column":28},"end":{"line":6,"column":42}}},"fnMap":{},"branchMap":{},"s":{"0":2,"1":2,"2":2,"3":2,"4":2},"f":{},"b":{},"_coverageSchema":"1a1c01bbd47fc00a2c39e90264f33305004495a9","hash":"4559d88242d92440a22f2e9f0e6c5e089b144ef6"}
,"/Users/rocali/Documents/img-app/src/store/images/actions.ts": {"path":"/Users/rocali/Documents/img-app/src/store/images/actions.ts","statementMap":{"0":{"start":{"line":18,"column":2},"end":{"line":20,"column":3}},"1":{"start":{"line":24,"column":2},"end":{"line":27,"column":3}},"2":{"start":{"line":31,"column":2},"end":{"line":34,"column":3}},"3":{"start":{"line":38,"column":2},"end":{"line":41,"column":3}},"4":{"start":{"line":45,"column":2},"end":{"line":48,"column":3}}},"fnMap":{"0":{"name":"fetchImages","decl":{"start":{"line":17,"column":16},"end":{"line":17,"column":27}},"loc":{"start":{"line":17,"column":49},"end":{"line":21,"column":1}},"line":17},"1":{"name":"setFetchImagesLoading","decl":{"start":{"line":23,"column":16},"end":{"line":23,"column":37}},"loc":{"start":{"line":23,"column":85},"end":{"line":28,"column":1}},"line":23},"2":{"name":"setFetchImagesSuccess","decl":{"start":{"line":30,"column":16},"end":{"line":30,"column":37}},"loc":{"start":{"line":30,"column":85},"end":{"line":35,"column":1}},"line":30},"3":{"name":"setFetchImagesError","decl":{"start":{"line":37,"column":16},"end":{"line":37,"column":35}},"loc":{"start":{"line":37,"column":85},"end":{"line":42,"column":1}},"line":37},"4":{"name":"selectImage","decl":{"start":{"line":44,"column":16},"end":{"line":44,"column":27}},"loc":{"start":{"line":44,"column":62},"end":{"line":49,"column":1}},"line":44}},"branchMap":{},"s":{"0":3,"1":12,"2":2,"3":4,"4":3},"f":{"0":3,"1":12,"2":2,"3":4,"4":3},"b":{},"_coverageSchema":"1a1c01bbd47fc00a2c39e90264f33305004495a9","hash":"f4f419362e06409d5c34dc98d3adad24cefafdbe"}
,"/Users/rocali/Documents/img-app/src/store/images/reducer.ts": {"path":"/Users/rocali/Documents/img-app/src/store/images/reducer.ts","statementMap":{"0":{"start":{"line":12,"column":41},"end":{"line":18,"column":1}},"1":{"start":{"line":25,"column":2},"end":{"line":53,"column":3}},"2":{"start":{"line":27,"column":26},"end":{"line":27,"column":32}},"3":{"start":{"line":28,"column":6},"end":{"line":31,"column":7}},"4":{"start":{"line":33,"column":31},"end":{"line":33,"column":37}},"5":{"start":{"line":34,"column":6},"end":{"line":37,"column":7}},"6":{"start":{"line":39,"column":25},"end":{"line":39,"column":31}},"7":{"start":{"line":40,"column":6},"end":{"line":43,"column":7}},"8":{"start":{"line":45,"column":24},"end":{"line":45,"column":30}},"9":{"start":{"line":46,"column":6},"end":{"line":50,"column":7}},"10":{"start":{"line":52,"column":6},"end":{"line":52,"column":18}}},"fnMap":{"0":{"name":"imagesReducer","decl":{"start":{"line":21,"column":24},"end":{"line":21,"column":37}},"loc":{"start":{"line":24,"column":15},"end":{"line":54,"column":1}},"line":24}},"branchMap":{"0":{"loc":{"start":{"line":22,"column":2},"end":{"line":22,"column":22}},"type":"default-arg","locations":[{"start":{"line":22,"column":10},"end":{"line":22,"column":22}}],"line":22},"1":{"loc":{"start":{"line":25,"column":2},"end":{"line":53,"column":3}},"type":"switch","locations":[{"start":{"line":26,"column":4},"end":{"line":31,"column":7}},{"start":{"line":32,"column":4},"end":{"line":37,"column":7}},{"start":{"line":38,"column":4},"end":{"line":43,"column":7}},{"start":{"line":44,"column":4},"end":{"line":50,"column":7}},{"start":{"line":51,"column":4},"end":{"line":52,"column":18}}],"line":25}},"s":{"0":2,"1":15,"2":6,"3":6,"4":2,"5":2,"6":1,"7":1,"8":3,"9":3,"10":3},"f":{"0":15},"b":{"0":[3],"1":[6,2,1,3,3]},"_coverageSchema":"1a1c01bbd47fc00a2c39e90264f33305004495a9","hash":"3ba35e87b4be156a1cce4e5c76fa4c719c966e39"}
,"/Users/rocali/Documents/img-app/src/store/images/saga.ts": {"path":"/Users/rocali/Documents/img-app/src/store/images/saga.ts","statementMap":{"0":{"start":{"line":8,"column":2},"end":{"line":25,"column":3}},"1":{"start":{"line":10,"column":4},"end":{"line":10,"column":42}},"2":{"start":{"line":12,"column":37},"end":{"line":12,"column":61}},"3":{"start":{"line":14,"column":4},"end":{"line":14,"column":43}},"4":{"start":{"line":16,"column":4},"end":{"line":21,"column":5}},"5":{"start":{"line":17,"column":6},"end":{"line":17,"column":46}},"6":{"start":{"line":19,"column":6},"end":{"line":19,"column":59}},"7":{"start":{"line":23,"column":4},"end":{"line":23,"column":43}},"8":{"start":{"line":24,"column":4},"end":{"line":24,"column":45}},"9":{"start":{"line":29,"column":2},"end":{"line":29,"column":50}}},"fnMap":{"0":{"name":"handleFetchImages","decl":{"start":{"line":7,"column":17},"end":{"line":7,"column":34}},"loc":{"start":{"line":7,"column":97},"end":{"line":26,"column":1}},"line":7},"1":{"name":"(anonymous_1)","decl":{"start":{"line":28,"column":15},"end":{"line":28,"column":16}},"loc":{"start":{"line":28,"column":28},"end":{"line":30,"column":1}},"line":28}},"branchMap":{"0":{"loc":{"start":{"line":7,"column":62},"end":{"line":7,"column":95}},"type":"default-arg","locations":[{"start":{"line":7,"column":77},"end":{"line":7,"column":95}}],"line":7},"1":{"loc":{"start":{"line":16,"column":4},"end":{"line":21,"column":5}},"type":"if","locations":[{"start":{"line":16,"column":4},"end":{"line":21,"column":5}},{"start":{"line":16,"column":4},"end":{"line":21,"column":5}}],"line":16}},"s":{"0":3,"1":3,"2":3,"3":2,"4":2,"5":1,"6":1,"7":1,"8":1,"9":0},"f":{"0":3,"1":0},"b":{"0":[0],"1":[1,1]},"_coverageSchema":"1a1c01bbd47fc00a2c39e90264f33305004495a9","hash":"9d7f440d08f02418044078ff5a5e345259f8d735"}
}
