TN:
SF:src/store/images/actionTypes.ts
FNF:0
FNH:0
DA:1,2
DA:2,2
DA:3,2
DA:4,2
DA:6,2
LF:5
LH:5
BRF:0
BRH:0
end_of_record
TN:
SF:src/store/images/actions.ts
FN:17,fetchImages
FN:23,setFetchImagesLoading
FN:30,setFetchImagesSuccess
FN:37,setFetchImagesError
FN:44,selectImage
FNF:5
FNH:5
FNDA:3,fetchImages
FNDA:12,setFetchImagesLoading
FNDA:2,setFetchImagesSuccess
FNDA:4,setFetchImagesError
FNDA:3,selectImage
DA:18,3
DA:24,12
DA:31,2
DA:38,4
DA:45,3
LF:5
LH:5
BRF:0
BRH:0
end_of_record
TN:
SF:src/store/images/reducer.ts
FN:21,imagesReducer
FNF:1
FNH:1
FNDA:15,imagesReducer
DA:12,2
DA:25,15
DA:27,6
DA:28,6
DA:33,2
DA:34,2
DA:39,1
DA:40,1
DA:45,3
DA:46,3
DA:52,3
LF:11
LH:11
BRDA:22,0,0,3
BRDA:25,1,0,6
BRDA:25,1,1,2
BRDA:25,1,2,1
BRDA:25,1,3,3
BRDA:25,1,4,3
BRF:6
BRH:6
end_of_record
TN:
SF:src/store/images/saga.ts
FN:7,handleFetchImages
FN:28,(anonymous_1)
FNF:2
FNH:1
FNDA:3,handleFetchImages
FNDA:0,(anonymous_1)
DA:8,3
DA:10,3
DA:12,3
DA:14,2
DA:16,2
DA:17,1
DA:19,1
DA:23,1
DA:24,1
DA:29,0
LF:10
LH:9
BRDA:7,0,0,0
BRDA:16,1,0,1
BRDA:16,1,1,1
BRF:3
BRH:2
end_of_record
